  main.cpp
E:\ImageProcessing\ProjectFiles\ImageSynthesisRayCaster\VIZA654\include\Sphere.h(124,17): warning C4244: 'initializing': conversion from 'double' to 'float', possible loss of data
E:\ImageProcessing\ProjectFiles\ImageSynthesisRayCaster\VIZA654\include\SkySphere.h(122,17): warning C4244: 'initializing': conversion from 'double' to 'float', possible loss of data
E:\ImageProcessing\ProjectFiles\ImageSynthesisRayCaster\VIZA654\include\ColorHelpers.h(16,25): warning C4244: '=': conversion from 'double' to 'float', possible loss of data
E:\ImageProcessing\ProjectFiles\ImageSynthesisRayCaster\VIZA654\include\ColorHelpers.h(74,23): warning C4244: 'initializing': conversion from 'double' to 'float', possible loss of data
E:\ImageProcessing\ProjectFiles\ImageSynthesisRayCaster\VIZA654\include\ColorHelpers.h(75,18): warning C4244: 'initializing': conversion from 'double' to 'float', possible loss of data
E:\ImageProcessing\ProjectFiles\ImageSynthesisRayCaster\VIZA654\include\ColorHelpers.h(127,40): warning C4244: '=': conversion from 'int' to 'T', possible loss of data
          with
          [
              T=float
          ]
E:\ImageProcessing\ProjectFiles\ImageSynthesisRayCaster\VIZA654\include\Triangle.h(34,12): warning C4244: 'initializing': conversion from 'double' to 'float', possible loss of data
E:\ImageProcessing\ProjectFiles\ImageSynthesisRayCaster\VIZA654\include\TriangularMesh.h(85,35): warning C4244: '=': conversion from 'int' to 'T', possible loss of data
          with
          [
              T=float
          ]
E:\ImageProcessing\ProjectFiles\ImageSynthesisRayCaster\VIZA654\include\TriangularMesh.h(79,21): warning C4101: 'mst': unreferenced local variable
E:\ImageProcessing\ProjectFiles\ImageSynthesisRayCaster\VIZA654\include\TriangularMesh.h(77,24): warning C4101: 'p_ip1': unreferenced local variable
E:\ImageProcessing\ProjectFiles\ImageSynthesisRayCaster\VIZA654\include\TriangularMesh.h(77,19): warning C4101: 'p_i': unreferenced local variable
E:\ImageProcessing\ProjectFiles\ImageSynthesisRayCaster\VIZA654\include\TriangularMesh.h(79,15): warning C4101: 's': unreferenced local variable
E:\ImageProcessing\ProjectFiles\ImageSynthesisRayCaster\VIZA654\include\TriangularMesh.h(79,18): warning C4101: 't': unreferenced local variable
E:\ImageProcessing\ProjectFiles\ImageSynthesisRayCaster\VIZA654\include\TriangularMesh.h(77,31): warning C4101: 'p_im1': unreferenced local variable
E:\ImageProcessing\ProjectFiles\ImageSynthesisRayCaster\VIZA654\include\TriangularMesh.h(128,17): warning C4244: 'initializing': conversion from 'double' to 'float', possible loss of data
E:\ImageProcessing\ProjectFiles\ImageSynthesisRayCaster\VIZA654\include\TriangularMesh.h(129,17): warning C4244: 'initializing': conversion from 'double' to 'float', possible loss of data
E:\ImageProcessing\ProjectFiles\ImageSynthesisRayCaster\VIZA654\visual_studio\Project01\main.cpp(131,29): warning C4834: discarding return value of function with 'nodiscard' attribute
E:\ImageProcessing\ProjectFiles\ImageSynthesisRayCaster\VIZA654\visual_studio\Project01\main.cpp(371,41): warning C4267: 'initializing': conversion from 'size_t' to 'int', possible loss of data
E:\ImageProcessing\ProjectFiles\ImageSynthesisRayCaster\VIZA654\visual_studio\Project01\main.cpp(416,27): warning C4244: '=': conversion from 'double' to 'float', possible loss of data
E:\ImageProcessing\ProjectFiles\ImageSynthesisRayCaster\VIZA654\visual_studio\Project01\main.cpp(479,35): warning C4101: 'normal': unreferenced local variable
E:\ImageProcessing\ProjectFiles\ImageSynthesisRayCaster\VIZA654\visual_studio\Project01\main.cpp(479,43): warning C4101: 'refl_dir': unreferenced local variable
E:\ImageProcessing\ProjectFiles\ImageSynthesisRayCaster\VIZA654\visual_studio\Project01\main.cpp(479,72): warning C4101: 'reflection': unreferenced local variable
E:\ImageProcessing\ProjectFiles\ImageSynthesisRayCaster\VIZA654\visual_studio\Project01\main.cpp(479,53): warning C4101: 'refr_dir': unreferenced local variable
E:\ImageProcessing\ProjectFiles\ImageSynthesisRayCaster\VIZA654\visual_studio\Project01\main.cpp(479,63): warning C4101: 'ray_dir': unreferenced local variable
E:\ImageProcessing\ProjectFiles\ImageSynthesisRayCaster\VIZA654\visual_studio\Project01\main.cpp(528,80): warning C4244: 'argument': conversion from 'T' to 'int', possible loss of data
          with
          [
              T=float
          ]
E:\ImageProcessing\ProjectFiles\ImageSynthesisRayCaster\VIZA654\visual_studio\Project01\main.cpp(539,83): warning C4244: 'argument': conversion from 'T' to 'int', possible loss of data
          with
          [
              T=float
          ]
E:\ImageProcessing\ProjectFiles\ImageSynthesisRayCaster\VIZA654\visual_studio\Project01\main.cpp(591,60): warning C4244: 'argument': conversion from 'int' to 'float', possible loss of data
E:\ImageProcessing\ProjectFiles\ImageSynthesisRayCaster\VIZA654\visual_studio\Project01\main.cpp(591,56): warning C4244: 'argument': conversion from 'int' to 'float', possible loss of data
E:\ImageProcessing\ProjectFiles\ImageSynthesisRayCaster\VIZA654\visual_studio\Project01\main.cpp(702,22): warning C4244: 'initializing': conversion from 'double' to 'float', possible loss of data
E:\ImageProcessing\ProjectFiles\ImageSynthesisRayCaster\VIZA654\visual_studio\Project01\main.cpp(723,18): warning C4154: deletion of an array expression; conversion to pointer supplied
  Project01.vcxproj -> E:\ImageProcessing\ProjectFiles\ImageSynthesisRayCaster\VIZA654\visual_studio\x64\Debug\Project01.exe
